2019-07-17 12:06:35,290 [main] INFO baseTest.BaseClass - Trying to LaunchChromeBrowser
2019-07-17 12:06:38,494 [main] INFO baseTest.BaseClass - Sucessfully Launched to ChromeBrowser
2019-07-17 12:06:39,780 [main] INFO com.olo.util.PropertyReader - Loading /config/config.properties
2019-07-17 12:06:39,787 [main] INFO com.olo.util.PropertyReader - Loading /config/mail.properties
2019-07-17 12:06:42,854 [main] INFO baseTest.BaseClass - Sucessfully Entered  appurl Urlof the application
2019-07-17 12:10:54,278 [main] INFO baseTest.BaseClass - Trying to LaunchChromeBrowser
2019-07-17 12:10:56,817 [main] INFO baseTest.BaseClass - Sucessfully Launched to ChromeBrowser
2019-07-17 12:10:58,096 [main] INFO com.olo.util.PropertyReader - Loading /config/config.properties
2019-07-17 12:10:58,111 [main] INFO com.olo.util.PropertyReader - Loading /config/mail.properties
2019-07-17 12:11:01,183 [main] INFO baseTest.BaseClass - Sucessfully Entered  appurl Urlof the application
2019-07-17 12:13:31,940 [main] INFO baseTest.BaseClass - Trying to LaunchChromeBrowser
2019-07-17 12:13:34,450 [main] INFO baseTest.BaseClass - Sucessfully Launched to ChromeBrowser
2019-07-17 12:13:35,730 [main] INFO com.olo.util.PropertyReader - Loading /config/config.properties
2019-07-17 12:13:35,730 [main] INFO com.olo.util.PropertyReader - Loading /config/mail.properties
2019-07-17 12:13:38,542 [main] INFO baseTest.BaseClass - Sucessfully Entered  appurl Urlof the application
2019-07-17 12:16:07,635 [main] INFO baseTest.BaseClass - Trying to LaunchChromeBrowser
2019-07-17 12:16:10,069 [main] INFO baseTest.BaseClass - Sucessfully Launched to ChromeBrowser
2019-07-17 12:16:11,372 [main] INFO com.olo.util.PropertyReader - Loading /config/config.properties
2019-07-17 12:16:11,375 [main] INFO com.olo.util.PropertyReader - Loading /config/mail.properties
2019-07-17 12:16:14,254 [main] INFO baseTest.BaseClass - Sucessfully Entered  appurl Urlof the application
2019-07-17 12:16:59,470 [main] INFO baseTest.BaseClass - Trying to LaunchChromeBrowser
2019-07-17 12:17:01,918 [main] INFO baseTest.BaseClass - Sucessfully Launched to ChromeBrowser
2019-07-17 12:17:03,159 [main] INFO com.olo.util.PropertyReader - Loading /config/config.properties
2019-07-17 12:17:03,160 [main] INFO com.olo.util.PropertyReader - Loading /config/mail.properties
2019-07-17 12:17:06,204 [main] INFO baseTest.BaseClass - Sucessfully Entered  appurl Urlof the application
2019-07-17 12:19:51,720 [main] INFO baseTest.BaseClass - Trying to LaunchChromeBrowser
2019-07-17 12:19:54,165 [main] INFO baseTest.BaseClass - Sucessfully Launched to ChromeBrowser
2019-07-17 12:19:55,436 [main] INFO com.olo.util.PropertyReader - Loading /config/config.properties
2019-07-17 12:19:55,444 [main] INFO com.olo.util.PropertyReader - Loading /config/mail.properties
2019-07-17 12:19:58,280 [main] INFO baseTest.BaseClass - Sucessfully Entered  appurl Urlof the application
2019-07-17 12:33:51,701 [main] INFO baseTest.BaseClass - Trying to LaunchChromeBrowser
2019-07-17 12:33:54,075 [main] INFO baseTest.BaseClass - Sucessfully Launched to ChromeBrowser
2019-07-17 12:33:55,377 [main] INFO com.olo.util.PropertyReader - Loading /config/config.properties
2019-07-17 12:33:55,382 [main] INFO com.olo.util.PropertyReader - Loading /config/mail.properties
2019-07-17 12:33:59,092 [main] INFO baseTest.BaseClass - Sucessfully Entered  appurl Urlof the application
2019-07-17 12:53:55,106 [main] INFO baseTest.BaseClass - Trying to LaunchChromeBrowser
2019-07-17 12:53:57,677 [main] INFO baseTest.BaseClass - Sucessfully Launched to ChromeBrowser
2019-07-17 12:53:58,974 [main] INFO com.olo.util.PropertyReader - Loading /config/config.properties
2019-07-17 12:53:58,977 [main] INFO com.olo.util.PropertyReader - Loading /config/mail.properties
2019-07-17 12:54:01,892 [main] INFO baseTest.BaseClass - Sucessfully Entered  appurl Urlof the application
2019-07-17 12:54:31,967 [main] INFO baseTest.BaseClass - Trying to LaunchChromeBrowser
2019-07-17 12:54:34,593 [main] INFO baseTest.BaseClass - Sucessfully Launched to ChromeBrowser
2019-07-17 12:54:35,982 [main] INFO com.olo.util.PropertyReader - Loading /config/config.properties
2019-07-17 12:54:35,990 [main] INFO com.olo.util.PropertyReader - Loading /config/mail.properties
2019-07-17 12:54:38,643 [main] INFO baseTest.BaseClass - Sucessfully Entered  appurl Urlof the application
2019-07-17 12:55:58,499 [main] INFO baseTest.BaseClass - Trying to LaunchChromeBrowser
2019-07-17 12:56:00,932 [main] INFO baseTest.BaseClass - Sucessfully Launched to ChromeBrowser
2019-07-17 12:56:02,214 [main] INFO com.olo.util.PropertyReader - Loading /config/config.properties
2019-07-17 12:56:02,227 [main] INFO com.olo.util.PropertyReader - Loading /config/mail.properties
2019-07-17 12:56:05,032 [main] INFO baseTest.BaseClass - Sucessfully Entered  appurl Urlof the application
2019-08-02 09:14:37,000 [main] INFO baseTest.BaseClass - Trying to LaunchChromeBrowser
2019-08-02 09:14:40,561 [main] INFO baseTest.BaseClass - Sucessfully Launched to ChromeBrowser
2019-08-02 09:14:42,126 [main] INFO com.olo.util.PropertyReader - Loading /config/config.properties
2019-08-02 09:14:42,127 [main] INFO com.olo.util.PropertyReader - Loading /config/mail.properties
2019-08-02 09:14:45,154 [main] INFO baseTest.BaseClass - Sucessfully Entered  appurl Urlof the application
2019-08-06 12:22:47,568 [main] INFO baseTest.BaseClass - Trying to LaunchChromeBrowser
2019-08-06 12:22:52,361 [main] INFO baseTest.BaseClass - Sucessfully Launched to ChromeBrowser
2019-08-06 12:22:54,167 [main] INFO com.olo.util.PropertyReader - Loading /config/config.properties
2019-08-06 12:22:54,183 [main] INFO com.olo.util.PropertyReader - Loading /config/mail.properties
2019-08-06 12:22:58,072 [main] INFO baseTest.BaseClass - Sucessfully Entered  appurl Urlof the application
2019-08-06 12:28:38,563 [main] INFO baseTest.BaseClass - Trying to LaunchChromeBrowser
2019-08-06 12:28:41,181 [main] INFO baseTest.BaseClass - Sucessfully Launched to ChromeBrowser
2019-08-06 12:28:42,403 [main] INFO com.olo.util.PropertyReader - Loading /config/config.properties
2019-08-06 12:28:42,403 [main] INFO com.olo.util.PropertyReader - Loading /config/mail.properties
2019-08-06 12:28:45,495 [main] INFO baseTest.BaseClass - Sucessfully Entered  appurl Urlof the application
2019-08-06 12:29:47,152 [main] INFO baseTest.BaseClass - Trying to LaunchChromeBrowser
2019-08-06 12:29:49,780 [main] INFO baseTest.BaseClass - Sucessfully Launched to ChromeBrowser
2019-08-06 12:29:50,994 [main] INFO com.olo.util.PropertyReader - Loading /config/config.properties
2019-08-06 12:29:50,995 [main] INFO com.olo.util.PropertyReader - Loading /config/mail.properties
2019-08-06 12:29:53,938 [main] INFO baseTest.BaseClass - Sucessfully Entered  appurl Urlof the application
2019-08-06 12:32:04,731 [main] INFO baseTest.BaseClass - Trying to LaunchChromeBrowser
2019-08-06 12:32:07,477 [main] INFO baseTest.BaseClass - Sucessfully Launched to ChromeBrowser
2019-08-06 12:32:08,695 [main] INFO com.olo.util.PropertyReader - Loading /config/config.properties
2019-08-06 12:32:08,695 [main] INFO com.olo.util.PropertyReader - Loading /config/mail.properties
2019-08-06 12:32:11,761 [main] INFO baseTest.BaseClass - Sucessfully Entered  appurl Urlof the application
2019-08-06 12:34:41,617 [main] INFO baseTest.BaseClass - Trying to LaunchChromeBrowser
2019-08-06 12:34:44,180 [main] INFO baseTest.BaseClass - Sucessfully Launched to ChromeBrowser
2019-08-06 12:34:45,398 [main] INFO com.olo.util.PropertyReader - Loading /config/config.properties
2019-08-06 12:34:45,399 [main] INFO com.olo.util.PropertyReader - Loading /config/mail.properties
2019-08-06 12:34:48,431 [main] INFO baseTest.BaseClass - Sucessfully Entered  appurl Urlof the application
2019-08-06 12:36:10,405 [main] INFO baseTest.BaseClass - Trying to LaunchChromeBrowser
2019-08-06 12:36:13,076 [main] INFO baseTest.BaseClass - Sucessfully Launched to ChromeBrowser
2019-08-06 12:36:14,293 [main] INFO com.olo.util.PropertyReader - Loading /config/config.properties
2019-08-06 12:36:14,293 [main] INFO com.olo.util.PropertyReader - Loading /config/mail.properties
2019-08-06 12:36:17,418 [main] INFO baseTest.BaseClass - Sucessfully Entered  appurl Urlof the application
2019-08-06 12:38:31,728 [main] INFO baseTest.BaseClass - Trying to LaunchChromeBrowser
2019-08-06 12:38:35,215 [main] INFO baseTest.BaseClass - Sucessfully Launched to ChromeBrowser
2019-08-06 12:38:36,420 [main] INFO com.olo.util.PropertyReader - Loading /config/config.properties
2019-08-06 12:38:36,421 [main] INFO com.olo.util.PropertyReader - Loading /config/mail.properties
2019-08-06 12:38:39,639 [main] INFO baseTest.BaseClass - Sucessfully Entered  appurl Urlof the application
